[1] "initialDispersion 30.3579154146138"
[1] "Initialising..."
Initial fit =  12829.58 13 
[1] "initialisation complete..."
[1] "^^^^^^^^^^^Initial^^^^^^^^^^^^^^^^^^^^^^^^^^^^^^^^^^"
[1] 13829.58
[1] 0
[1]  9 19
[1] "Exchanging..."
[1] "Locating maximum residual......"
[1] 949
[1] 5
[1] "Maximum residual found..."
[1] "Moving knot..."
[1] "Knot moved..."
[1] "Locating maximum residual......"
[1] 1068
[1] 4
[1] "Maximum residual found..."
[1] "Moving knot..."
[1] "Knot moved..."
[1] "Locating maximum residual......"
[1] 1086
[1] 3
[1] "Maximum residual found..."
[1] "Moving knot..."
[1] "Knot moved..."
[1] "Locating maximum residual......"
[1] 1243
[1] 3
[1] "Maximum residual found..."
[1] "Moving knot..."
[1] "Knot moved..."
[1] "Exchanging done..."
[1] 5
[1] 5
[1] "^^^^^^^^^^^Exchange^^^^^^^^^^^^^^^^^^^^^^^^^^^^^^^^^^"
[1] "Improving..."
[1] "Shifting up..."
[1] "Up done..."
[1] "Shifting down..."
[1] "Down done..."
[1] "Shifting up..."
[1] "Up done..."
[1] "Shifting down..."
[1] "Down done..."
[1] "Shifting up..."
[1] "Up done..."
[1] "Shifting down..."
[1] "Down done..."
[1] "Shifting up..."
[1] "Up done..."
[1] "Shifting down..."
[1] "Down done..."
[1] "Improving complete..."
[1] 5
[1] 5
[1] "Dropping..."
[1] "Dropped..."
[1] "^^^^^^^^^^^Drop^^^^^^^^^^^^^^^^^^^^^^^^^^^^^^^^^^"
[1] 6
[1] 6
[1] "Exchanging..."
[1] "Locating maximum residual......"
[1] 1068
[1] 6
[1] "Maximum residual found..."
[1] "Moving knot..."
[1] "Knot moved..."
[1] "Exchanging done..."
[1] 6
[1] 6
[1] "Improving..."
[1] "Shifting up..."
[1] "Up done..."
[1] "Shifting down..."
[1] "Down done..."
[1] "Shifting up..."
[1] "Up done..."
[1] "Shifting down..."
[1] "Down done..."
[1] "Shifting up..."
[1] "Up done..."
[1] "Shifting down..."
[1] "Down done..."
[1] "Improving complete..."
[1] 6
[1] 6
[1] "Dropping..."
[1] "Dropped..."
[1] 6
[1] 6
[1] "And we're done..."
Fitting Linear Model...Choosing smooth vs linear model...[1] "initialDispersion 30.5899065049181"
[1] "Initialising..."
Initial fit =  2796.513 1.27 
[1] "initialisation complete..."
[1] "^^^^^^^^^^^Initial^^^^^^^^^^^^^^^^^^^^^^^^^^^^^^^^^^"
[1] 2796.513
[1] 0
[1] -0.64  3.16
[1] "Exchanging..."
[1] "Locating maximum residual......"
[1] 949
[1] 135
[1] "Maximum residual found..."
[1] "Moving knot..."
[1] "Knot moved..."
[1] "Locating maximum residual......"
[1] 1248
[1] 90
[1] "Maximum residual found..."
[1] "Moving knot..."
[1] "Knot moved..."
[1] "Exchanging done..."
[1] 197
[1] 197
[1] "^^^^^^^^^^^Exchange^^^^^^^^^^^^^^^^^^^^^^^^^^^^^^^^^^"
[1] "Improving..."
[1] "Shifting up..."
[1] "Up done..."
[1] "Shifting down..."
[1] "Down done..."
[1] "Shifting up..."
[1] "Up done..."
[1] "Shifting down..."
[1] "Down done..."
[1] "Improving complete..."
[1] "^^^^^^^^^^^Improve^^^^^^^^^^^^^^^^^^^^^^^^^^^^^^^^^^"
[1] 197
[1] 197
[1] "Exchanging..."
[1] "Locating maximum residual......"
[1] 949
[1] 134
[1] "Maximum residual found..."
[1] "Moving knot..."
[1] "Knot moved..."
[1] "Exchanging done..."
[1] 197
[1] 197
[1] "Improving..."
[1] "Shifting up..."
[1] "Up done..."
[1] "Shifting down..."
[1] "Down done..."
[1] "Improving complete..."
[1] 197
[1] 197
[1] "And we're done..."
Fitting Linear Model...Choosing smooth vs linear model...[1] "initialDispersion 30.252879310332"
[1] "Initialising..."
Initial fit =  2793.963 270 
[1] "initialisation complete..."
[1] "^^^^^^^^^^^Initial^^^^^^^^^^^^^^^^^^^^^^^^^^^^^^^^^^"
[1] 2793.963
[1] 0
[1]   65 1153
[1] "Exchanging..."
[1] "Locating maximum residual......"
[1] 949
[1] 22
[1] "Maximum residual found..."
[1] "Moving knot..."
[1] "Knot moved..."
[1] "Exchanging done..."
[1] 22
[1] 22
[1] "Improving..."
[1] "Shifting up..."
[1] "Up done..."
[1] "Shifting down..."
[1] "Down done..."
[1] "Shifting up..."
[1] "Up done..."
[1] "Shifting down..."
[1] "Down done..."
[1] "Improving complete..."
[1] "^^^^^^^^^^^Improve^^^^^^^^^^^^^^^^^^^^^^^^^^^^^^^^^^"
[1] 22
[1] 22
[1] "Exchanging..."
[1] "Locating maximum residual......"
[1] 949
[1] 22
[1] "Maximum residual found..."
[1] "Moving knot..."
[1] "Knot moved..."
[1] "Exchanging done..."
[1] 22
[1] 22
[1] "Improving..."
[1] "Shifting up..."
[1] "Up done..."
[1] "Shifting down..."
[1] "Down done..."
[1] "Improving complete..."
[1] 22
[1] 22
[1] "And we're done..."
Fitting Linear Model...Choosing smooth vs linear model...[1] "initialDispersion 30.4983567252619"
[1] "Initialising..."
Initial fit =  2790.439 27 
[1] "initialisation complete..."
[1] "^^^^^^^^^^^Initial^^^^^^^^^^^^^^^^^^^^^^^^^^^^^^^^^^"
[1] 2790.439
[1] 0
[1]  1 48
[1] "Exchanging..."
[1] "Locating maximum residual......"
[1] 949
[1] 2
[1] "Maximum residual found..."
[1] "Moving knot..."
[1] "Knot moved..."
[1] "Exchanging done..."
[1] 23
[1] 23
[1] "Improving..."
[1] "Shifting up..."
[1] "Up done..."
[1] "Shifting up..."
[1] "Up done..."
[1] "Shifting down..."
[1] "Down done..."
[1] "Improving complete..."
[1] "^^^^^^^^^^^Improve^^^^^^^^^^^^^^^^^^^^^^^^^^^^^^^^^^"
[1] 23
[1] 23
[1] "Exchanging..."
[1] "Locating maximum residual......"
[1] 949
[1] 2
[1] "Maximum residual found..."
[1] "Moving knot..."
[1] "Knot moved..."
[1] "Exchanging done..."
[1] 23
[1] 23
[1] "Improving..."
[1] "Shifting up..."
[1] "Up done..."
[1] "Shifting down..."
[1] "Down done..."
[1] "Improving complete..."
[1] 23
[1] 23
[1] "And we're done..."
Fitting Linear Model...Choosing smooth vs linear model...